# JRE version: Java(TM) SE Runtime Environment (21.0.2+13) (build 21.0.2+13-LTS-58)
# Java VM: Java HotSpot(TM) 64-Bit Server VM (21.0.2+13-LTS-58, mixed mode, sharing, tiered, compressed oops, compressed class ptrs, g1 gc, windows-amd64)
GC Precious Log:
 CardTable entry size: 512
 Card Set container configuration: InlinePtr #cards 5 size 8 Array Of Cards #cards 12 size 40 Howl #buckets 4 coarsen threshold 1843 Howl Bitmap #cards 512 size 80 coarsen threshold 460 Card regions per heap region 1 cards per card region 2048
 CPUs: 8 total, 8 available
 Memory: 8097M
 Large Page Support: Disabled
 NUMA Support: Disabled
 Compressed Oops: Enabled (32-bit)
 Heap Region Size: 1M
 Heap Min Capacity: 8M
 Heap Initial Capacity: 128M
 Heap Max Capacity: 2G
 Pre-touch: Disabled
 Parallel Workers: 8
 Concurrent Workers: 2
 Concurrent Refinement Workers: 8
 Periodic GC: Disabled
Heap:
 garbage-first heap   total 110592K, used 100092K [0x0000000080000000, 0x0000000100000000)
  region size 1024K, 36 young (36864K), 5 survivors (5120K)
 Metaspace       used 51824K, committed 53632K, reserved 1114112K
  class space    used 7354K, committed 8256K, reserved 1048576K
GC Heap History (20 events):
Event: 9.395 GC heap after
{Heap after GC invocations=6 (full 0):
 garbage-first heap   total 93184K, used 41463K [0x0000000080000000, 0x0000000100000000)
  region size 1024K, 7 young (7168K), 7 survivors (7168K)
 Metaspace       used 26135K, committed 27264K, reserved 1114112K
  class space    used 3937K, committed 4480K, reserved 1048576K
}
Event: 10.227 GC heap before
{Heap before GC invocations=6 (full 0):
 garbage-first heap   total 93184K, used 77303K [0x0000000080000000, 0x0000000100000000)
  region size 1024K, 43 young (44032K), 7 survivors (7168K)
 Metaspace       used 32359K, committed 33600K, reserved 1114112K
  class space    used 4739K, committed 5376K, reserved 1048576K
}
Event: 10.232 GC heap after
{Heap after GC invocations=7 (full 0):
 garbage-first heap   total 93184K, used 44147K [0x0000000080000000, 0x0000000100000000)
  region size 1024K, 3 young (3072K), 3 survivors (3072K)
 Metaspace       used 32359K, committed 33600K, reserved 1114112K
  class space    used 4739K, committed 5376K, reserved 1048576K
}
Event: 10.409 GC heap before
{Heap before GC invocations=7 (full 0):
 garbage-first heap   total 93184K, used 52339K [0x0000000080000000, 0x0000000100000000)
  region size 1024K, 13 young (13312K), 3 survivors (3072K)
 Metaspace       used 34765K, committed 35968K, reserved 1114112K
  class space    used 5005K, committed 5632K, reserved 1048576K
}
Event: 10.412 GC heap after
{Heap after GC invocations=8 (full 0):
 garbage-first heap   total 93184K, used 46345K [0x0000000080000000, 0x0000000100000000)
  region size 1024K, 3 young (3072K), 3 survivors (3072K)
 Metaspace       used 34765K, committed 35968K, reserved 1114112K
  class space    used 5005K, committed 5632K, reserved 1048576K
}
Event: 10.698 GC heap before
{Heap before GC invocations=9 (full 0):
 garbage-first heap   total 93184K, used 83209K [0x0000000080000000, 0x0000000100000000)
  region size 1024K, 34 young (34816K), 3 survivors (3072K)
 Metaspace       used 36811K, committed 38080K, reserved 1114112K
  class space    used 5150K, committed 5760K, reserved 1048576K
}
Event: 10.700 GC heap after
{Heap after GC invocations=10 (full 0):
 garbage-first heap   total 93184K, used 48600K [0x0000000080000000, 0x0000000100000000)
  region size 1024K, 5 young (5120K), 5 survivors (5120K)
 Metaspace       used 36811K, committed 38080K, reserved 1114112K
  class space    used 5150K, committed 5760K, reserved 1048576K
}
Event: 11.324 GC heap before
{Heap before GC invocations=10 (full 0):
 garbage-first heap   total 93184K, used 79320K [0x0000000080000000, 0x0000000100000000)
  region size 1024K, 36 young (36864K), 5 survivors (5120K)
 Metaspace       used 40339K, committed 41792K, reserved 1114112K
  class space    used 5706K, committed 6464K, reserved 1048576K
}
Event: 11.328 GC heap after
{Heap after GC invocations=11 (full 0):
 garbage-first heap   total 93184K, used 49730K [0x0000000080000000, 0x0000000100000000)
  region size 1024K, 3 young (3072K), 3 survivors (3072K)
 Metaspace       used 40339K, committed 41792K, reserved 1114112K
  class space    used 5706K, committed 6464K, reserved 1048576K
}
Event: 11.928 GC heap before
{Heap before GC invocations=11 (full 0):
 garbage-first heap   total 93184K, used 58946K [0x0000000080000000, 0x0000000100000000)
  region size 1024K, 13 young (13312K), 3 survivors (3072K)
 Metaspace       used 40785K, committed 42304K, reserved 1114112K
  class space    used 5770K, committed 6528K, reserved 1048576K
}
Event: 11.932 GC heap after
{Heap after GC invocations=12 (full 0):
 garbage-first heap   total 93184K, used 51555K [0x0000000080000000, 0x0000000100000000)
  region size 1024K, 5 young (5120K), 5 survivors (5120K)
 Metaspace       used 40785K, committed 42304K, reserved 1114112K
  class space    used 5770K, committed 6528K, reserved 1048576K
}
Event: 12.642 GC heap before
{Heap before GC invocations=13 (full 0):
 garbage-first heap   total 94208K, used 85347K [0x0000000080000000, 0x0000000100000000)
  region size 1024K, 34 young (34816K), 5 survivors (5120K)
 Metaspace       used 43360K, committed 44928K, reserved 1114112K
  class space    used 6022K, committed 6784K, reserved 1048576K
}
Event: 12.646 GC heap after
{Heap after GC invocations=14 (full 0):
 garbage-first heap   total 94208K, used 56779K [0x0000000080000000, 0x0000000100000000)
  region size 1024K, 4 young (4096K), 4 survivors (4096K)
 Metaspace       used 43360K, committed 44928K, reserved 1114112K
  class space    used 6022K, committed 6784K, reserved 1048576K
}
Event: 13.739 GC heap before
{Heap before GC invocations=14 (full 0):
 garbage-first heap   total 94208K, used 82379K [0x0000000080000000, 0x0000000100000000)
  region size 1024K, 30 young (30720K), 4 survivors (4096K)
 Metaspace       used 46119K, committed 47808K, reserved 1114112K
  class space    used 6526K, committed 7360K, reserved 1048576K
}
Event: 13.744 GC heap after
{Heap after GC invocations=15 (full 0):
 garbage-first heap   total 94208K, used 58045K [0x0000000080000000, 0x0000000100000000)
  region size 1024K, 4 young (4096K), 4 survivors (4096K)
 Metaspace       used 46119K, committed 47808K, reserved 1114112K
  class space    used 6526K, committed 7360K, reserved 1048576K
}
Event: 14.616 GC heap before
{Heap before GC invocations=15 (full 0):
 garbage-first heap   total 94208K, used 83645K [0x0000000080000000, 0x0000000100000000)
  region size 1024K, 29 young (29696K), 4 survivors (4096K)
 Metaspace       used 48903K, committed 50688K, reserved 1114112K
  class space    used 6982K, committed 7872K, reserved 1048576K
}
Event: 14.621 GC heap after
{Heap after GC invocations=16 (full 0):
 garbage-first heap   total 94208K, used 59971K [0x0000000080000000, 0x0000000100000000)
  region size 1024K, 4 young (4096K), 4 survivors (4096K)
 Metaspace       used 48903K, committed 50688K, reserved 1114112K
  class space    used 6982K, committed 7872K, reserved 1048576K
}
Event: 15.882 GC heap before
{Heap before GC invocations=17 (full 0):
 garbage-first heap   total 104448K, used 82499K [0x0000000080000000, 0x0000000100000000)
  region size 1024K, 27 young (27648K), 4 survivors (4096K)
 Metaspace       used 50092K, committed 51904K, reserved 1114112K
  class space    used 7121K, committed 8000K, reserved 1048576K
}
Event: 15.887 GC heap after
{Heap after GC invocations=18 (full 0):
 garbage-first heap   total 104448K, used 62204K [0x0000000080000000, 0x0000000100000000)
  region size 1024K, 4 young (4096K), 4 survivors (4096K)
 Metaspace       used 50092K, committed 51904K, reserved 1114112K
  class space    used 7121K, committed 8000K, reserved 1048576K
}
Event: 17.208 GC heap before
{Heap before GC invocations=18 (full 0):
 garbage-first heap   total 104448K, used 99068K [0x0000000080000000, 0x0000000100000000)
  region size 1024K, 35 young (35840K), 4 survivors (4096K)
 Metaspace       used 51824K, committed 53632K, reserved 1114112K
  class space    used 7354K, committed 8256K, reserved 1048576K
}

