# JRE version: Java(TM) SE Runtime Environment (21.0.2+13) (build 21.0.2+13-LTS-58)
# Java VM: Java HotSpot(TM) 64-Bit Server VM (21.0.2+13-LTS-58, mixed mode, sharing, tiered, compressed oops, compressed class ptrs, g1 gc, windows-amd64)
GC Precious Log:
 CardTable entry size: 512
 Card Set container configuration: InlinePtr #cards 5 size 8 Array Of Cards #cards 12 size 40 Howl #buckets 4 coarsen threshold 1843 Howl Bitmap #cards 512 size 80 coarsen threshold 460 Card regions per heap region 1 cards per card region 2048
 CPUs: 8 total, 8 available
 Memory: 8097M
 Large Page Support: Disabled
 NUMA Support: Disabled
 Compressed Oops: Enabled (32-bit)
 Heap Region Size: 1M
 Heap Min Capacity: 8M
 Heap Initial Capacity: 128M
 Heap Max Capacity: 2G
 Pre-touch: Disabled
 Parallel Workers: 8
 Concurrent Workers: 2
 Concurrent Refinement Workers: 8
 Periodic GC: Disabled
Heap:
 garbage-first heap   total 96256K, used 59604K [0x0000000080000000, 0x0000000100000000)
  region size 1024K, 5 young (5120K), 4 survivors (4096K)
 Metaspace       used 49173K, committed 50944K, reserved 1114112K
  class space    used 7047K, committed 7936K, reserved 1048576K
GC Heap History (20 events):
Event: 6.508 GC heap before
{Heap before GC invocations=3 (full 0):
 garbage-first heap   total 131072K, used 43524K [0x0000000080000000, 0x0000000100000000)
  region size 1024K, 33 young (33792K), 10 survivors (10240K)
 Metaspace       used 20799K, committed 21504K, reserved 1114112K
  class space    used 3063K, committed 3392K, reserved 1048576K
}
Event: 6.519 GC heap after
{Heap after GC invocations=4 (full 0):
 garbage-first heap   total 131072K, used 22845K [0x0000000080000000, 0x0000000100000000)
  region size 1024K, 2 young (2048K), 2 survivors (2048K)
 Metaspace       used 20799K, committed 21504K, reserved 1114112K
  class space    used 3063K, committed 3392K, reserved 1048576K
}
Event: 8.282 GC heap before
{Heap before GC invocations=5 (full 0):
 garbage-first heap   total 81920K, used 80189K [0x0000000080000000, 0x0000000100000000)
  region size 1024K, 48 young (49152K), 2 survivors (2048K)
 Metaspace       used 26083K, committed 27136K, reserved 1114112K
  class space    used 3944K, committed 4480K, reserved 1048576K
}
Event: 8.287 GC heap after
{Heap after GC invocations=6 (full 0):
 garbage-first heap   total 90112K, used 40175K [0x0000000080000000, 0x0000000100000000)
  region size 1024K, 6 young (6144K), 6 survivors (6144K)
 Metaspace       used 26083K, committed 27136K, reserved 1114112K
  class space    used 3944K, committed 4480K, reserved 1048576K
}
Event: 9.216 GC heap before
{Heap before GC invocations=6 (full 0):
 garbage-first heap   total 90112K, used 73967K [0x0000000080000000, 0x0000000100000000)
  region size 1024K, 40 young (40960K), 6 survivors (6144K)
 Metaspace       used 31369K, committed 32640K, reserved 1114112K
  class space    used 4647K, committed 5312K, reserved 1048576K
}
Event: 9.221 GC heap after
{Heap after GC invocations=7 (full 0):
 garbage-first heap   total 90112K, used 43744K [0x0000000080000000, 0x0000000100000000)
  region size 1024K, 3 young (3072K), 3 survivors (3072K)
 Metaspace       used 31369K, committed 32640K, reserved 1114112K
  class space    used 4647K, committed 5312K, reserved 1048576K
}
Event: 9.553 GC heap before
{Heap before GC invocations=7 (full 0):
 garbage-first heap   total 90112K, used 59104K [0x0000000080000000, 0x0000000100000000)
  region size 1024K, 20 young (20480K), 3 survivors (3072K)
 Metaspace       used 34851K, committed 36096K, reserved 1114112K
  class space    used 5013K, committed 5632K, reserved 1048576K
}
Event: 9.558 GC heap after
{Heap after GC invocations=8 (full 0):
 garbage-first heap   total 90112K, used 45705K [0x0000000080000000, 0x0000000100000000)
  region size 1024K, 5 young (5120K), 5 survivors (5120K)
 Metaspace       used 34851K, committed 36096K, reserved 1114112K
  class space    used 5013K, committed 5632K, reserved 1048576K
}
Event: 10.032 GC heap before
{Heap before GC invocations=9 (full 0):
 garbage-first heap   total 90112K, used 82569K [0x0000000080000000, 0x0000000100000000)
  region size 1024K, 37 young (37888K), 5 survivors (5120K)
 Metaspace       used 37497K, committed 38784K, reserved 1114112K
  class space    used 5271K, committed 5888K, reserved 1048576K
}
Event: 10.038 GC heap after
{Heap after GC invocations=10 (full 0):
 garbage-first heap   total 92160K, used 48488K [0x0000000080000000, 0x0000000100000000)
  region size 1024K, 5 young (5120K), 5 survivors (5120K)
 Metaspace       used 37497K, committed 38784K, reserved 1114112K
  class space    used 5271K, committed 5888K, reserved 1048576K
}
Event: 10.637 GC heap before
{Heap before GC invocations=10 (full 0):
 garbage-first heap   total 92160K, used 81256K [0x0000000080000000, 0x0000000100000000)
  region size 1024K, 37 young (37888K), 5 survivors (5120K)
 Metaspace       used 40457K, committed 41984K, reserved 1114112K
  class space    used 5746K, committed 6528K, reserved 1048576K
}
Event: 10.643 GC heap after
{Heap after GC invocations=11 (full 0):
 garbage-first heap   total 92160K, used 50965K [0x0000000080000000, 0x0000000100000000)
  region size 1024K, 4 young (4096K), 4 survivors (4096K)
 Metaspace       used 40457K, committed 41984K, reserved 1114112K
  class space    used 5746K, committed 6528K, reserved 1048576K
}
Event: 10.682 GC heap before
{Heap before GC invocations=11 (full 0):
 garbage-first heap   total 92160K, used 53013K [0x0000000080000000, 0x0000000100000000)
  region size 1024K, 7 young (7168K), 4 survivors (4096K)
 Metaspace       used 40555K, committed 42048K, reserved 1114112K
  class space    used 5755K, committed 6528K, reserved 1048576K
}
Event: 10.686 GC heap after
{Heap after GC invocations=12 (full 0):
 garbage-first heap   total 92160K, used 51253K [0x0000000080000000, 0x0000000100000000)
  region size 1024K, 1 young (1024K), 1 survivors (1024K)
 Metaspace       used 40555K, committed 42048K, reserved 1114112K
  class space    used 5755K, committed 6528K, reserved 1048576K
}
Event: 11.419 GC heap before
{Heap before GC invocations=13 (full 0):
 garbage-first heap   total 96256K, used 84021K [0x0000000080000000, 0x0000000100000000)
  region size 1024K, 29 young (29696K), 1 survivors (1024K)
 Metaspace       used 43075K, committed 44672K, reserved 1114112K
  class space    used 5997K, committed 6784K, reserved 1048576K
}
Event: 11.422 GC heap after
{Heap after GC invocations=14 (full 0):
 garbage-first heap   total 96256K, used 56161K [0x0000000080000000, 0x0000000100000000)
  region size 1024K, 3 young (3072K), 3 survivors (3072K)
 Metaspace       used 43075K, committed 44672K, reserved 1114112K
  class space    used 5997K, committed 6784K, reserved 1048576K
}
Event: 12.058 GC heap before
{Heap before GC invocations=14 (full 0):
 garbage-first heap   total 96256K, used 83809K [0x0000000080000000, 0x0000000100000000)
  region size 1024K, 31 young (31744K), 3 survivors (3072K)
 Metaspace       used 45920K, committed 47616K, reserved 1114112K
  class space    used 6518K, committed 7360K, reserved 1048576K
}
Event: 12.063 GC heap after
{Heap after GC invocations=15 (full 0):
 garbage-first heap   total 96256K, used 57866K [0x0000000080000000, 0x0000000100000000)
  region size 1024K, 4 young (4096K), 4 survivors (4096K)
 Metaspace       used 45920K, committed 47616K, reserved 1114112K
  class space    used 6518K, committed 7360K, reserved 1048576K
}
Event: 13.067 GC heap before
{Heap before GC invocations=15 (full 0):
 garbage-first heap   total 96256K, used 85514K [0x0000000080000000, 0x0000000100000000)
  region size 1024K, 31 young (31744K), 4 survivors (4096K)
 Metaspace       used 49155K, committed 50944K, reserved 1114112K
  class space    used 7046K, committed 7936K, reserved 1048576K
}
Event: 13.073 GC heap after
{Heap after GC invocations=16 (full 0):
 garbage-first heap   total 96256K, used 59604K [0x0000000080000000, 0x0000000100000000)
  region size 1024K, 4 young (4096K), 4 survivors (4096K)
 Metaspace       used 49155K, committed 50944K, reserved 1114112K
  class space    used 7046K, committed 7936K, reserved 1048576K
}

